<?xml version="1.0" encoding="UTF-8"?>
<testng-results ignored="0" total="2" passed="2" failed="0" skipped="0">
  <reporter-output>
  </reporter-output>
  <suite started-at="2026-04-20T16:48:03 IST" name="Surefire suite" finished-at="2026-04-20T16:48:26 IST" duration-ms="23198">
    <groups>
    </groups>
    <test started-at="2026-04-20T16:48:03 IST" name="Surefire test" finished-at="2026-04-20T16:48:26 IST" duration-ms="23198">
      <class name="tests.LoginTest">
        <test-method is-config="true" signature="setup()[pri:0, instance:tests.LoginTest@48fa0f47]" started-at="2026-04-20T16:48:03 IST" name="setup" finished-at="2026-04-20T16:48:17 IST" duration-ms="14267" status="PASS">
          <reporter-output>
          </reporter-output>
        </test-method> <!-- setup -->
        <test-method signature="invalidLoginTest()[pri:0, instance:tests.LoginTest@48fa0f47]" started-at="2026-04-20T16:48:17 IST" name="invalidLoginTest" finished-at="2026-04-20T16:48:18 IST" duration-ms="1486" status="PASS">
          <reporter-output>
          </reporter-output>
        </test-method> <!-- invalidLoginTest -->
        <test-method is-config="true" signature="tearDown()[pri:0, instance:tests.LoginTest@48fa0f47]" started-at="2026-04-20T16:48:18 IST" name="tearDown" finished-at="2026-04-20T16:48:19 IST" duration-ms="234" status="PASS">
          <reporter-output>
          </reporter-output>
        </test-method> <!-- tearDown -->
        <test-method is-config="true" signature="setup()[pri:0, instance:tests.LoginTest@48fa0f47]" started-at="2026-04-20T16:48:19 IST" name="setup" finished-at="2026-04-20T16:48:24 IST" duration-ms="5579" status="PASS">
          <reporter-output>
          </reporter-output>
        </test-method> <!-- setup -->
        <test-method signature="validLoginTest()[pri:0, instance:tests.LoginTest@48fa0f47]" started-at="2026-04-20T16:48:24 IST" name="validLoginTest" finished-at="2026-04-20T16:48:25 IST" duration-ms="1272" status="PASS">
          <reporter-output>
          </reporter-output>
        </test-method> <!-- validLoginTest -->
        <test-method is-config="true" signature="tearDown()[pri:0, instance:tests.LoginTest@48fa0f47]" started-at="2026-04-20T16:48:25 IST" name="tearDown" finished-at="2026-04-20T16:48:26 IST" duration-ms="297" status="PASS">
          <reporter-output>
          </reporter-output>
        </test-method> <!-- tearDown -->
      </class> <!-- tests.LoginTest -->
    </test> <!-- Surefire test -->
  </suite> <!-- Surefire suite -->
</testng-results>
